<?xml version="1.0" encoding="UTF-8"?>
<!-- Generated by org.testng.reporters.JUnitReportReporter -->
<testsuite hostname="Avneet" name="com.org.learningMaven.HelloWorldTest" tests="1" failures="0" timestamp="21 Jan 2018 19:17:26 GMT" time="??.???" errors="0">
  <testcase name="test" time="??.???" classname="com.org.learningMaven.HelloWorldTest"/>
</testsuite> <!-- com.org.learningMaven.HelloWorldTest -->
