<?xml version="1.0" encoding="UTF-8"?>
<!-- Generated by org.testng.reporters.JUnitReportReporter -->
<testsuite hostname="Avneet" name="com.crm.qa.testcases.LoginPageTest" tests="3" failures="0" timestamp="28 Jan 2018 15:41:31 GMT" time="??.???" errors="0">
  <testcase name="crmLogoImageTest" time="??.???" classname="com.crm.qa.testcases.LoginPageTest"/>
  <testcase name="loginPageTitleTest" time="??.???" classname="com.crm.qa.testcases.LoginPageTest"/>
  <testcase name="loginTest" time="??.???" classname="com.crm.qa.testcases.LoginPageTest"/>
</testsuite> <!-- com.crm.qa.testcases.LoginPageTest -->
